criterion: the real custom tarball contains the custom package manifest and required CLI runtime files
scenario: inspect the npm-packed artifact without installing it globally
command: tar -tzf 9router-0.5.40-9trip.1.tgz plus temporary manifest extraction
--- pack output tail ---
npm notice 4.0kB src/cli/tray/tray.ps1
npm notice 2.3kB src/cli/tray/trayWin.js
npm notice 738B src/cli/utils/clipboard.js
npm notice 3.9kB src/cli/utils/display.js
npm notice 1.0kB src/cli/utils/endpoint.js
npm notice 3.3kB src/cli/utils/format.js
npm notice 5.0kB src/cli/utils/input.js
npm notice 4.3kB src/cli/utils/menuHelper.js
npm notice 3.6kB src/cli/utils/modelSelector.js
npm notice Tarball Details
npm notice name: 9router
npm notice version: 0.5.40-9trip.1
npm notice filename: 9router-0.5.40-9trip.1.tgz
npm notice package size: 18.6 MB
npm notice unpacked size: 77.8 MB
npm notice shasum: 81fd1afb93081caaa19a426754f24459d986c1cf
npm notice integrity: sha512-6OxAkPmNfxzCO[...]4DwbmKNtiGTTA==
npm notice total files: 5815
npm notice
observable: custom CLI archive created at <repo>/9router-0.5.40-9trip.1.tgz
--- inspection ---
{"entryCount":5815,"name":"9router","version":"0.5.40-9trip.1","missing":[]}
cleanup: temporary package inspection directory removed
observable: package manifest and required runtime entries match the immutable custom release
